Arguments: 
  /Users/mengpengyu/.nvm/versions/node/v12.22.3/bin/node /usr/local/bin/yarn dev

PATH: 
  /Users/mengpengyu/.nvm/versions/node/v12.22.3/bin:/bin:/usr/bin:/usr/local/bin:./usr/local/bin:/usr/bin:/bin:/usr/sbin:/sbin:/Library/Apple/usr/bin:/Library/Java/JavaVirtualMachines/jdk1.8.0_281.jdk/Contents/Home/bin

Yarn version: 
  1.17.3

Node version: 
  12.22.3

Platform: 
  darwin x64

Trace: 
  SyntaxError: /Users/mengpengyu/Desktop/runyi/vite-react/package.json: Unexpected token / in JSON at position 174
      at JSON.parse (<anonymous>)
      at /usr/local/lib/node_modules/yarn/lib/cli.js:1625:59
      at Generator.next (<anonymous>)
      at step (/usr/local/lib/node_modules/yarn/lib/cli.js:304:30)
      at /usr/local/lib/node_modules/yarn/lib/cli.js:315:13

npm manifest: 
  {
    "name": "vite-react",
    "version": "0.0.0",
    "scripts": {
      "dev": "vite",
      "build": "tsc && vite build",
      "serve": "vite preview",
      "start:qa": "vite -m qa" //自定义命令，会寻找 .env.qa 的配置文件;此时 command='serve'，mode='qa'
    },
    "dependencies": {
      "@loadable/component": "^5.15.0",
      "classnames": "^2.3.1",
      "mobx-persist": "^0.4.1",
      "mobx-react": "^7.2.0",
      "react": "^17.0.2",
      "react-dom": "^17.0.2",
      "react-router": "^5.2.0",
      "react-router-config": "^5.1.1"
    },
    "devDependencies": {
      "@types/node": "^16.4.1",
      "@types/react": "^17.0.0",
      "@types/react-dom": "^17.0.0",
      "@typescript-eslint/eslint-plugin": "^4.28.4",
      "@typescript-eslint/parser": "^4.28.4",
      "@vitejs/plugin-react-refresh": "^1.3.1",
      "eslint": "^7.31.0",
      "eslint-config-alloy": "^4.1.0",
      "eslint-plugin-react": "^7.24.0",
      "husky": "^4.3.8",
      "lint-staged": "^11.1.0",
      "prettier": "^2.3.2",
      "typescript": "^4.3.5",
      "vite": "^2.4.3"
    },
    "husky": {
      "hooks": {
        "pre-commit": "lint-staged"
      }
    },
    "lint-staged": {
      "src/**/*.{ts,tsx}": [
        "eslint --cache --fix",
        "git add"
      ],
      "src/**/*.{js,jsx}": [
        "eslint --cache --fix",
        "git add"
      ]
    }
  }

yarn manifest: 
  No manifest

Lockfile: 
  No lockfile
